 2022-04-30 15:21:19|INFO|Start training.
 2022-04-30 15:21:19|INFO|env:LunarLanderContinuous-v2, algo:DDPG
 2022-04-30 15:21:20|INFO|episode:  1/500|steps: 129|ep_reward:-184.91
 2022-04-30 15:21:20|INFO|episode:  2/500|steps:  85|ep_reward:-109.89
 2022-04-30 15:21:21|INFO|episode:  3/500|steps:  59|ep_reward:-704.87
 2022-04-30 15:21:21|INFO|episode:  4/500|steps: 117|ep_reward:-300.47
 2022-04-30 15:21:22|INFO|episode:  5/500|steps:  56|ep_reward:-377.48
 2022-04-30 15:21:22|INFO|episode:  6/500|steps:  80|ep_reward:-536.95
 2022-04-30 15:21:22|INFO|episode:  7/500|steps:  75|ep_reward:-665.03
 2022-04-30 15:21:23|INFO|episode:  8/500|steps:  64|ep_reward:-692.4
 2022-04-30 15:21:23|INFO|episode:  9/500|steps:  59|ep_reward:-279.95
 2022-04-30 15:21:24|INFO|episode: 10/500|steps:  50|ep_reward:-305.01
 2022-04-30 15:21:24|INFO|episode: 11/500|steps:  65|ep_reward:-293.79
 2022-04-30 15:21:24|INFO|episode: 12/500|steps:  71|ep_reward:-135.64
 2022-04-30 15:21:25|INFO|episode: 13/500|steps:  83|ep_reward:-126.2
 2022-04-30 15:21:25|INFO|episode: 14/500|steps:  83|ep_reward:-143.07
 2022-04-30 15:21:26|INFO|episode: 15/500|steps:  69|ep_reward:-128.12
 2022-04-30 15:21:26|INFO|episode: 16/500|steps:  77|ep_reward:-109.41
 2022-04-30 15:21:26|INFO|episode: 17/500|steps:  53|ep_reward:-59.61
 2022-04-30 15:21:27|INFO|episode: 18/500|steps:  85|ep_reward:-115.74
 2022-04-30 15:21:27|INFO|episode: 19/500|steps:  58|ep_reward:-55.37
 2022-04-30 15:21:28|INFO|episode: 20/500|steps:  89|ep_reward:-96.26
 2022-04-30 15:21:28|INFO|episode: 21/500|steps:  62|ep_reward:-124.86
 2022-04-30 15:21:28|INFO|episode: 22/500|steps:  90|ep_reward:-96.27
 2022-04-30 15:21:29|INFO|episode: 23/500|steps:  68|ep_reward:-128.96
 2022-04-30 15:21:30|INFO|episode: 24/500|steps:  84|ep_reward:-114.71
 2022-04-30 15:21:30|INFO|episode: 25/500|steps:  89|ep_reward:-121.02
 2022-04-30 15:21:31|INFO|episode: 26/500|steps:  68|ep_reward:-137.33
 2022-04-30 15:21:31|INFO|episode: 27/500|steps:  55|ep_reward:-87.64
 2022-04-30 15:21:31|INFO|episode: 28/500|steps:  62|ep_reward:-104.86
 2022-04-30 15:21:32|INFO|episode: 29/500|steps:  87|ep_reward:-74.4
 2022-04-30 15:21:32|INFO|episode: 30/500|steps:  69|ep_reward:-109.0
 2022-04-30 15:21:32|INFO|episode: 31/500|steps:  60|ep_reward:-66.2
 2022-04-30 15:21:33|INFO|episode: 32/500|steps:  60|ep_reward:-101.14
 2022-04-30 15:21:33|INFO|episode: 33/500|steps:  59|ep_reward:-127.51
 2022-04-30 15:21:33|INFO|episode: 34/500|steps:  58|ep_reward:-83.58
 2022-04-30 15:21:34|INFO|episode: 35/500|steps:  90|ep_reward:-111.5
 2022-04-30 15:21:34|INFO|episode: 36/500|steps:  65|ep_reward:-102.98
 2022-04-30 15:21:35|INFO|episode: 37/500|steps:  61|ep_reward:-86.48
 2022-04-30 15:21:35|INFO|episode: 38/500|steps:  82|ep_reward:-109.04
 2022-04-30 15:21:36|INFO|episode: 39/500|steps:  62|ep_reward:-91.23
 2022-04-30 15:21:36|INFO|episode: 40/500|steps:  85|ep_reward:-77.81
 2022-04-30 15:21:36|INFO|episode: 41/500|steps:  60|ep_reward:-75.99
 2022-04-30 15:21:37|INFO|episode: 42/500|steps:  74|ep_reward:-75.63
 2022-04-30 15:21:38|INFO|episode: 43/500|steps: 182|ep_reward:-304.05
 2022-04-30 15:21:39|INFO|episode: 44/500|steps: 171|ep_reward:-381.81
 2022-04-30 15:21:40|INFO|episode: 45/500|steps: 197|ep_reward:-497.82
 2022-04-30 15:21:42|INFO|episode: 46/500|steps: 342|ep_reward:-358.01
 2022-04-30 15:21:44|INFO|episode: 47/500|steps: 314|ep_reward:-231.15
 2022-04-30 15:21:45|INFO|episode: 48/500|steps:  76|ep_reward:-69.06
 2022-04-30 15:21:45|INFO|episode: 49/500|steps: 117|ep_reward:-74.67
 2022-04-30 15:21:46|INFO|episode: 50/500|steps: 117|ep_reward:-111.29
 2022-04-30 15:21:47|INFO|episode: 51/500|steps: 148|ep_reward:-160.87
 2022-04-30 15:21:48|INFO|episode: 52/500|steps: 154|ep_reward:-122.67
 2022-04-30 15:21:50|INFO|episode: 53/500|steps: 389|ep_reward:-85.17
 2022-04-30 15:21:56|INFO|episode: 54/500|steps: 799|ep_reward:-189.08
 2022-04-30 15:21:56|INFO|episode: 55/500|steps:  78|ep_reward:-51.0
 2022-04-30 15:21:57|INFO|episode: 56/500|steps:  82|ep_reward:-49.16
 2022-04-30 15:21:57|INFO|episode: 57/500|steps:  63|ep_reward:-6.87
 2022-04-30 15:22:02|INFO|episode: 58/500|steps: 581|ep_reward:163.64
 2022-04-30 15:22:03|INFO|episode: 59/500|steps: 192|ep_reward:-186.92
 2022-04-30 15:22:03|INFO|episode: 60/500|steps:  94|ep_reward:-155.83
 2022-04-30 15:22:04|INFO|episode: 61/500|steps:  80|ep_reward:-139.54
 2022-04-30 15:22:04|INFO|episode: 62/500|steps:  96|ep_reward:-62.62
 2022-04-30 15:22:06|INFO|episode: 63/500|steps: 277|ep_reward:-156.46
 2022-04-30 15:22:07|INFO|episode: 64/500|steps:  86|ep_reward:-61.61
 2022-04-30 15:22:07|INFO|episode: 65/500|steps:  98|ep_reward:-2.93
 2022-04-30 15:22:10|INFO|episode: 66/500|steps: 367|ep_reward:-25.98
 2022-04-30 15:22:13|INFO|episode: 67/500|steps: 514|ep_reward:135.61
 2022-04-30 15:22:14|INFO|episode: 68/500|steps: 194|ep_reward:-54.18
 2022-04-30 15:22:15|INFO|episode: 69/500|steps: 115|ep_reward:-100.16
 2022-04-30 15:22:16|INFO|episode: 70/500|steps: 118|ep_reward:17.55
 2022-04-30 15:22:17|INFO|episode: 71/500|steps: 135|ep_reward:-173.28
 2022-04-30 15:22:18|INFO|episode: 72/500|steps: 217|ep_reward:-40.35
 2022-04-30 15:22:22|INFO|episode: 73/500|steps: 538|ep_reward:-215.63
 2022-04-30 15:22:23|INFO|episode: 74/500|steps: 135|ep_reward:16.91
 2022-04-30 15:22:24|INFO|episode: 75/500|steps: 177|ep_reward:-215.11
 2022-04-30 15:22:25|INFO|episode: 76/500|steps: 280|ep_reward:-117.07
 2022-04-30 15:22:28|INFO|episode: 77/500|steps: 346|ep_reward:-246.04
 2022-04-30 15:22:28|INFO|episode: 78/500|steps: 106|ep_reward:-23.63
 2022-04-30 15:22:30|INFO|episode: 79/500|steps: 195|ep_reward:-80.67
 2022-04-30 15:22:39|INFO|episode: 80/500|steps:1000|ep_reward:-82.08
 2022-04-30 15:22:40|INFO|episode: 81/500|steps: 107|ep_reward:-91.5
 2022-04-30 15:22:42|INFO|episode: 82/500|steps: 382|ep_reward:-598.62
 2022-04-30 15:22:43|INFO|episode: 83/500|steps: 132|ep_reward:-173.03
 2022-04-30 15:22:44|INFO|episode: 84/500|steps: 157|ep_reward:-577.32
 2022-04-30 15:22:44|INFO|episode: 85/500|steps:  89|ep_reward:-332.51
 2022-04-30 15:22:53|INFO|episode: 86/500|steps:1000|ep_reward:-87.35
 2022-04-30 15:23:00|INFO|episode: 87/500|steps: 895|ep_reward:159.3
 2022-04-30 15:23:10|INFO|episode: 88/500|steps:1000|ep_reward:-21.9
 2022-04-30 15:23:15|INFO|episode: 89/500|steps: 668|ep_reward:242.77
 2022-04-30 15:23:17|INFO|episode: 90/500|steps: 223|ep_reward:283.98
 2022-04-30 15:23:23|INFO|episode: 91/500|steps: 668|ep_reward:153.0
 2022-04-30 15:23:24|INFO|episode: 92/500|steps: 220|ep_reward:284.44
 2022-04-30 15:23:26|INFO|episode: 93/500|steps: 258|ep_reward:254.98
 2022-04-30 15:23:27|INFO|episode: 94/500|steps: 203|ep_reward:256.31
 2022-04-30 15:23:28|INFO|episode: 95/500|steps: 108|ep_reward:-3.94
 2022-04-30 15:23:28|INFO|episode: 96/500|steps:  86|ep_reward:22.35
 2022-04-30 15:23:29|INFO|episode: 97/500|steps: 130|ep_reward:-26.06
 2022-04-30 15:23:29|INFO|episode: 98/500|steps:  74|ep_reward:-25.77
 2022-04-30 15:23:30|INFO|episode: 99/500|steps:  80|ep_reward:-43.33
 2022-04-30 15:23:30|INFO|episode:100/500|steps: 123|ep_reward:-60.66
 2022-04-30 15:23:31|INFO|episode:101/500|steps: 183|ep_reward:-171.27
 2022-04-30 15:23:34|INFO|episode:102/500|steps: 368|ep_reward:195.13
 2022-04-30 15:23:35|INFO|episode:103/500|steps: 131|ep_reward:-6.5
 2022-04-30 15:23:37|INFO|episode:104/500|steps: 352|ep_reward:198.57
 2022-04-30 15:23:38|INFO|episode:105/500|steps: 175|ep_reward:-50.14
 2022-04-30 15:23:41|INFO|episode:106/500|steps: 445|ep_reward:215.83
 2022-04-30 15:23:43|INFO|episode:107/500|steps: 195|ep_reward:-86.11
 2022-04-30 15:23:44|INFO|episode:108/500|steps: 269|ep_reward:255.27
 2022-04-30 15:23:45|INFO|episode:109/500|steps:  99|ep_reward:-65.83
 2022-04-30 15:23:48|INFO|episode:110/500|steps: 507|ep_reward:207.77
 2022-04-30 15:23:51|INFO|episode:111/500|steps: 439|ep_reward:188.82
 2022-04-30 15:24:00|INFO|episode:112/500|steps:1000|ep_reward:-84.15
 2022-04-30 15:24:02|INFO|episode:113/500|steps: 340|ep_reward:254.35
 2022-04-30 15:24:04|INFO|episode:114/500|steps: 232|ep_reward:192.07
 2022-04-30 15:24:05|INFO|episode:115/500|steps: 223|ep_reward:-81.6
 2022-04-30 15:24:07|INFO|episode:116/500|steps: 311|ep_reward:227.89
 2022-04-30 15:24:08|INFO|episode:117/500|steps: 163|ep_reward:-29.85
 2022-04-30 15:24:10|INFO|episode:118/500|steps: 292|ep_reward:213.23
 2022-04-30 15:24:12|INFO|episode:119/500|steps: 217|ep_reward:264.26
 2022-04-30 15:24:15|INFO|episode:120/500|steps: 505|ep_reward:231.87
 2022-04-30 15:24:18|INFO|episode:121/500|steps: 429|ep_reward:-15.09
 2022-04-30 15:24:22|INFO|episode:122/500|steps: 504|ep_reward:223.68
 2022-04-30 15:24:29|INFO|episode:123/500|steps: 897|ep_reward:163.24
 2022-04-30 15:24:30|INFO|episode:124/500|steps: 139|ep_reward:-27.71
 2022-04-30 15:24:32|INFO|episode:125/500|steps: 217|ep_reward:247.45
 2022-04-30 15:24:36|INFO|episode:126/500|steps: 616|ep_reward:168.85
 2022-04-30 15:24:39|INFO|episode:127/500|steps: 486|ep_reward:204.43
 2022-04-30 15:24:41|INFO|episode:128/500|steps: 211|ep_reward:240.12
 2022-04-30 15:24:43|INFO|episode:129/500|steps: 384|ep_reward:212.37
 2022-04-30 15:24:44|INFO|episode:130/500|steps: 135|ep_reward:22.66
 2022-04-30 15:24:52|INFO|episode:131/500|steps: 977|ep_reward:165.14
 2022-04-30 15:24:54|INFO|episode:132/500|steps: 240|ep_reward:-85.19
 2022-04-30 15:24:57|INFO|episode:133/500|steps: 451|ep_reward:246.86
 2022-04-30 15:24:58|INFO|episode:134/500|steps: 209|ep_reward:242.71
 2022-04-30 15:25:00|INFO|episode:135/500|steps: 332|ep_reward:-142.97
 2022-04-30 15:25:03|INFO|episode:136/500|steps: 386|ep_reward:248.74
 2022-04-30 15:25:12|INFO|episode:137/500|steps:1000|ep_reward:-233.18
 2022-04-30 15:25:14|INFO|episode:138/500|steps: 323|ep_reward:245.89
 2022-04-30 15:25:17|INFO|episode:139/500|steps: 481|ep_reward:252.25
 2022-04-30 15:25:20|INFO|episode:140/500|steps: 391|ep_reward:-180.28
 2022-04-30 15:25:22|INFO|episode:141/500|steps: 298|ep_reward:248.99
 2022-04-30 15:25:22|INFO|episode:142/500|steps:  81|ep_reward:-2.72
 2022-04-30 15:25:25|INFO|episode:143/500|steps: 338|ep_reward:207.65
 2022-04-30 15:25:25|INFO|Save best model. 前100幕的平均reward为1.44.
 2022-04-30 15:25:26|INFO|episode:144/500|steps: 245|ep_reward:264.51
 2022-04-30 15:25:26|INFO|Save best model. 前100幕的平均reward为7.9.
 2022-04-30 15:25:28|INFO|episode:145/500|steps: 283|ep_reward:230.78
 2022-04-30 15:25:28|INFO|Save best model. 前100幕的平均reward为15.19.
 2022-04-30 15:25:29|INFO|episode:146/500|steps: 229|ep_reward:298.9
 2022-04-30 15:25:29|INFO|Save best model. 前100幕的平均reward为21.75.
 2022-04-30 15:25:31|INFO|episode:147/500|steps: 310|ep_reward:230.09
 2022-04-30 15:25:31|INFO|Save best model. 前100幕的平均reward为26.37.
 2022-04-30 15:25:32|INFO|episode:148/500|steps: 161|ep_reward:0.74
 2022-04-30 15:25:32|INFO|Save best model. 前100幕的平均reward为27.07.
 2022-04-30 15:25:33|INFO|episode:149/500|steps: 170|ep_reward:271.77
 2022-04-30 15:25:33|INFO|Save best model. 前100幕的平均reward为30.53.
 2022-04-30 15:25:34|INFO|episode:150/500|steps: 164|ep_reward:52.9
 2022-04-30 15:25:34|INFO|Save best model. 前100幕的平均reward为32.17.
 2022-04-30 15:25:36|INFO|episode:151/500|steps: 193|ep_reward:259.42
 2022-04-30 15:25:36|INFO|Save best model. 前100幕的平均reward为36.37.
 2022-04-30 15:25:45|INFO|episode:152/500|steps:1000|ep_reward:-28.0
 2022-04-30 15:25:45|INFO|Save best model. 前100幕的平均reward为37.32.
 2022-04-30 15:25:46|INFO|episode:153/500|steps: 138|ep_reward:6.78
 2022-04-30 15:25:46|INFO|Save best model. 前100幕的平均reward为38.24.
 2022-04-30 15:25:47|INFO|episode:154/500|steps: 225|ep_reward:212.2
 2022-04-30 15:25:47|INFO|Save best model. 前100幕的平均reward为42.25.
 2022-04-30 15:25:48|INFO|episode:155/500|steps: 134|ep_reward:57.39
 2022-04-30 15:25:48|INFO|Save best model. 前100幕的平均reward为43.34.
 2022-04-30 15:25:50|INFO|episode:156/500|steps: 281|ep_reward:-119.04
 2022-04-30 15:25:52|INFO|episode:157/500|steps: 335|ep_reward:-167.42
 2022-04-30 15:25:54|INFO|episode:158/500|steps: 282|ep_reward:-8.86
 2022-04-30 15:25:55|INFO|episode:159/500|steps: 172|ep_reward:35.22
 2022-04-30 15:25:58|INFO|episode:160/500|steps: 416|ep_reward:-240.11
 2022-04-30 15:26:00|INFO|episode:161/500|steps: 423|ep_reward:-133.13
 2022-04-30 15:26:03|INFO|episode:162/500|steps: 341|ep_reward:-19.11
 2022-04-30 15:26:04|INFO|episode:163/500|steps: 164|ep_reward:-99.83
 2022-04-30 15:26:05|INFO|episode:164/500|steps: 192|ep_reward:218.62
 2022-04-30 15:26:05|INFO|Save best model. 前100幕的平均reward为44.55.
 2022-04-30 15:26:08|INFO|episode:165/500|steps: 489|ep_reward:271.71
 2022-04-30 15:26:08|INFO|Save best model. 前100幕的平均reward为47.3.
 2022-04-30 15:26:09|INFO|episode:166/500|steps: 215|ep_reward:246.06
 2022-04-30 15:26:09|INFO|Save best model. 前100幕的平均reward为50.02.
 2022-04-30 15:26:11|INFO|episode:167/500|steps: 258|ep_reward:244.16
 2022-04-30 15:26:11|INFO|Save best model. 前100幕的平均reward为51.11.
 2022-04-30 15:26:13|INFO|episode:168/500|steps: 290|ep_reward:217.81
 2022-04-30 15:26:13|INFO|Save best model. 前100幕的平均reward为53.83.
 2022-04-30 15:26:14|INFO|episode:169/500|steps: 190|ep_reward:56.15
 2022-04-30 15:26:14|INFO|Save best model. 前100幕的平均reward为55.39.
 2022-04-30 15:26:20|INFO|episode:170/500|steps: 854|ep_reward:232.38
 2022-04-30 15:26:20|INFO|Save best model. 前100幕的平均reward为57.54.
 2022-04-30 15:26:23|INFO|episode:171/500|steps: 402|ep_reward:228.93
 2022-04-30 15:26:23|INFO|Save best model. 前100幕的平均reward为61.56.
 2022-04-30 15:26:25|INFO|episode:172/500|steps: 275|ep_reward:265.39
 2022-04-30 15:26:25|INFO|Save best model. 前100幕的平均reward为64.62.
 2022-04-30 15:26:27|INFO|episode:173/500|steps: 250|ep_reward:193.78
 2022-04-30 15:26:27|INFO|Save best model. 前100幕的平均reward为68.71.
 2022-04-30 15:26:30|INFO|episode:174/500|steps: 422|ep_reward:200.6
 2022-04-30 15:26:30|INFO|Save best model. 前100幕的平均reward为70.55.
 2022-04-30 15:26:31|INFO|episode:175/500|steps: 238|ep_reward:202.48
 2022-04-30 15:26:31|INFO|Save best model. 前100幕的平均reward为74.72.
 2022-04-30 15:26:32|INFO|episode:176/500|steps: 216|ep_reward:-44.93
 2022-04-30 15:26:32|INFO|Save best model. 前100幕的平均reward为75.45.
 2022-04-30 15:26:37|INFO|episode:177/500|steps: 674|ep_reward:-181.31
 2022-04-30 15:26:37|INFO|Save best model. 前100幕的平均reward为76.09.
 2022-04-30 15:26:38|INFO|episode:178/500|steps: 175|ep_reward:-114.19
 2022-04-30 15:26:41|INFO|episode:179/500|steps: 460|ep_reward:-59.15
 2022-04-30 15:26:43|INFO|episode:180/500|steps: 278|ep_reward:211.96
 2022-04-30 15:26:43|INFO|Save best model. 前100幕的平均reward为78.34.
 2022-04-30 15:26:46|INFO|episode:181/500|steps: 361|ep_reward:237.37
 2022-04-30 15:26:46|INFO|Save best model. 前100幕的平均reward为81.63.
 2022-04-30 15:26:47|INFO|episode:182/500|steps: 195|ep_reward:-5.25
 2022-04-30 15:26:47|INFO|Save best model. 前100幕的平均reward为87.57.
 2022-04-30 15:26:48|INFO|episode:183/500|steps: 269|ep_reward:257.23
 2022-04-30 15:26:48|INFO|Save best model. 前100幕的平均reward为91.87.
 2022-04-30 15:26:55|INFO|episode:184/500|steps: 801|ep_reward:195.47
 2022-04-30 15:26:55|INFO|Save best model. 前100幕的平均reward为99.6.
 2022-04-30 15:26:57|INFO|episode:185/500|steps: 226|ep_reward:211.35
 2022-04-30 15:26:57|INFO|Save best model. 前100幕的平均reward为105.03.
 2022-04-30 15:26:58|INFO|episode:186/500|steps: 173|ep_reward:272.31
 2022-04-30 15:26:58|INFO|Save best model. 前100幕的平均reward为108.63.
 2022-04-30 15:26:59|INFO|episode:187/500|steps: 163|ep_reward:234.26
 2022-04-30 15:26:59|INFO|Save best model. 前100幕的平均reward为109.38.
 2022-04-30 15:27:00|INFO|episode:188/500|steps: 180|ep_reward:20.3
 2022-04-30 15:27:00|INFO|Save best model. 前100幕的平均reward为109.8.
 2022-04-30 15:27:01|INFO|episode:189/500|steps: 194|ep_reward:229.72
 2022-04-30 15:27:02|INFO|episode:190/500|steps: 101|ep_reward:5.88
 2022-04-30 15:27:03|INFO|episode:191/500|steps: 251|ep_reward:262.51
 2022-04-30 15:27:04|INFO|episode:192/500|steps: 143|ep_reward:43.16
 2022-04-30 15:27:05|INFO|episode:193/500|steps: 236|ep_reward:256.73
 2022-04-30 15:27:07|INFO|episode:194/500|steps: 200|ep_reward:232.55
 2022-04-30 15:27:08|INFO|episode:195/500|steps: 176|ep_reward:247.28
 2022-04-30 15:27:09|INFO|episode:196/500|steps: 201|ep_reward:287.45
 2022-04-30 15:27:09|INFO|Save best model. 前100幕的平均reward为110.52.
 2022-04-30 15:27:10|INFO|episode:197/500|steps: 250|ep_reward:226.81
 2022-04-30 15:27:10|INFO|Save best model. 前100幕的平均reward为113.05.
 2022-04-30 15:27:14|INFO|episode:198/500|steps: 483|ep_reward:-132.35
 2022-04-30 15:27:15|INFO|episode:199/500|steps: 168|ep_reward:35.92
 2022-04-30 15:27:17|INFO|episode:200/500|steps: 281|ep_reward:234.91
 2022-04-30 15:27:17|INFO|Save best model. 前100幕的平均reward为115.73.
 2022-04-30 15:27:19|INFO|episode:201/500|steps: 276|ep_reward:261.94
 2022-04-30 15:27:19|INFO|Save best model. 前100幕的平均reward为120.06.
 2022-04-30 15:27:20|INFO|episode:202/500|steps: 227|ep_reward:260.83
 2022-04-30 15:27:20|INFO|Save best model. 前100幕的平均reward为120.72.
 2022-04-30 15:27:23|INFO|episode:203/500|steps: 413|ep_reward:238.56
 2022-04-30 15:27:23|INFO|Save best model. 前100幕的平均reward为123.17.
 2022-04-30 15:27:24|INFO|episode:204/500|steps: 183|ep_reward:279.12
 2022-04-30 15:27:24|INFO|Save best model. 前100幕的平均reward为123.97.
 2022-04-30 15:27:27|INFO|episode:205/500|steps: 476|ep_reward:237.21
 2022-04-30 15:27:27|INFO|Save best model. 前100幕的平均reward为126.85.
 2022-04-30 15:27:29|INFO|episode:206/500|steps: 215|ep_reward:-339.72
 2022-04-30 15:27:29|INFO|episode:207/500|steps: 132|ep_reward:-161.79
 2022-04-30 15:27:30|INFO|episode:208/500|steps: 106|ep_reward:31.29
 2022-04-30 15:27:30|INFO|episode:209/500|steps:  86|ep_reward:-45.76
 2022-04-30 15:27:31|INFO|episode:210/500|steps: 140|ep_reward:-38.65
 2022-04-30 15:27:32|INFO|episode:211/500|steps:  77|ep_reward:-23.56
 2022-04-30 15:27:33|INFO|episode:212/500|steps: 178|ep_reward:247.63
 2022-04-30 15:27:35|INFO|episode:213/500|steps: 370|ep_reward:198.42
 2022-04-30 15:27:37|INFO|episode:214/500|steps: 323|ep_reward:233.11
 2022-04-30 15:27:40|INFO|episode:215/500|steps: 411|ep_reward:180.36
 2022-04-30 15:27:44|INFO|episode:216/500|steps: 467|ep_reward:161.63
 2022-04-30 15:27:45|INFO|episode:217/500|steps: 106|ep_reward:-396.98
 2022-04-30 15:27:45|INFO|episode:218/500|steps: 159|ep_reward:279.94
 2022-04-30 15:27:47|INFO|episode:219/500|steps: 286|ep_reward:237.29
 2022-04-30 15:27:49|INFO|episode:220/500|steps: 228|ep_reward:240.13
 2022-04-30 15:27:50|INFO|episode:221/500|steps: 254|ep_reward:265.0
 2022-04-30 15:27:52|INFO|episode:222/500|steps: 249|ep_reward:237.06
 2022-04-30 15:27:54|INFO|episode:223/500|steps: 366|ep_reward:236.18
 2022-04-30 15:27:55|INFO|episode:224/500|steps: 183|ep_reward:244.19
 2022-04-30 15:27:57|INFO|episode:225/500|steps: 316|ep_reward:252.13
 2022-04-30 15:27:59|INFO|episode:226/500|steps: 216|ep_reward:239.8
 2022-04-30 15:28:01|INFO|episode:227/500|steps: 393|ep_reward:287.92
 2022-04-30 15:28:04|INFO|episode:228/500|steps: 396|ep_reward:294.49
 2022-04-30 15:28:05|INFO|episode:229/500|steps: 190|ep_reward:221.92
 2022-04-30 15:28:08|INFO|episode:230/500|steps: 428|ep_reward:292.07
 2022-04-30 15:28:08|INFO|Save best model. 前100幕的平均reward为127.15.
 2022-04-30 15:28:09|INFO|episode:231/500|steps: 196|ep_reward:280.76
 2022-04-30 15:28:09|INFO|Save best model. 前100幕的平均reward为128.31.
 2022-04-30 15:28:10|INFO|episode:232/500|steps: 163|ep_reward:255.55
 2022-04-30 15:28:10|INFO|Save best model. 前100幕的平均reward为131.71.
 2022-04-30 15:28:13|INFO|episode:233/500|steps: 357|ep_reward:271.45
 2022-04-30 15:28:13|INFO|Save best model. 前100幕的平均reward为131.96.
 2022-04-30 15:28:14|INFO|episode:234/500|steps: 200|ep_reward:251.69
 2022-04-30 15:28:14|INFO|Save best model. 前100幕的平均reward为132.05.
 2022-04-30 15:28:15|INFO|episode:235/500|steps: 172|ep_reward:285.18
 2022-04-30 15:28:15|INFO|Save best model. 前100幕的平均reward为136.33.
 2022-04-30 15:28:16|INFO|episode:236/500|steps: 202|ep_reward:269.37
 2022-04-30 15:28:16|INFO|Save best model. 前100幕的平均reward为136.54.
 2022-04-30 15:28:18|INFO|episode:237/500|steps: 226|ep_reward:274.94
 2022-04-30 15:28:18|INFO|Save best model. 前100幕的平均reward为141.62.
 2022-04-30 15:28:19|INFO|episode:238/500|steps: 269|ep_reward:267.51
 2022-04-30 15:28:19|INFO|Save best model. 前100幕的平均reward为141.83.
 2022-04-30 15:28:20|INFO|episode:239/500|steps: 132|ep_reward:29.65
 2022-04-30 15:28:21|INFO|episode:240/500|steps: 202|ep_reward:283.6
 2022-04-30 15:28:21|INFO|Save best model. 前100幕的平均reward为144.25.
 2022-04-30 15:28:23|INFO|episode:241/500|steps: 287|ep_reward:231.97
 2022-04-30 15:28:24|INFO|episode:242/500|steps: 131|ep_reward:-10.93
 2022-04-30 15:28:27|INFO|episode:243/500|steps: 531|ep_reward:275.73
 2022-04-30 15:28:27|INFO|Save best model. 前100幕的平均reward为144.68.
 2022-04-30 15:28:30|INFO|episode:244/500|steps: 405|ep_reward:173.07
 2022-04-30 15:28:31|INFO|episode:245/500|steps:  98|ep_reward:49.63
 2022-04-30 15:28:34|INFO|episode:246/500|steps: 401|ep_reward:232.76
 2022-04-30 15:28:34|INFO|episode:247/500|steps: 101|ep_reward:22.93
 2022-04-30 15:28:37|INFO|episode:248/500|steps: 330|ep_reward:217.22
 2022-04-30 15:28:38|INFO|episode:249/500|steps: 307|ep_reward:205.25
 2022-04-30 15:28:41|INFO|episode:250/500|steps: 429|ep_reward:243.28
 2022-04-30 15:28:44|INFO|episode:251/500|steps: 435|ep_reward:267.38
 2022-04-30 15:28:50|INFO|episode:252/500|steps: 694|ep_reward:-259.33
 2022-04-30 15:28:53|INFO|episode:253/500|steps: 375|ep_reward:275.71
 2022-04-30 15:28:55|INFO|episode:254/500|steps: 235|ep_reward:250.34
 2022-04-30 15:28:59|INFO|episode:255/500|steps: 529|ep_reward:242.47
 2022-04-30 15:28:59|INFO|Save best model. 前100幕的平均reward为145.31.
 2022-04-30 15:29:00|INFO|episode:256/500|steps: 225|ep_reward:249.85
 2022-04-30 15:29:00|INFO|Save best model. 前100幕的平均reward为149.0.
 2022-04-30 15:29:01|INFO|episode:257/500|steps: 104|ep_reward:42.19
 2022-04-30 15:29:01|INFO|Save best model. 前100幕的平均reward为151.09.
 2022-04-30 15:29:02|INFO|episode:258/500|steps: 189|ep_reward:249.54
 2022-04-30 15:29:02|INFO|Save best model. 前100幕的平均reward为153.68.
 2022-04-30 15:29:04|INFO|episode:259/500|steps: 336|ep_reward:270.01
 2022-04-30 15:29:04|INFO|Save best model. 前100幕的平均reward为156.02.
 2022-04-30 15:29:05|INFO|episode:260/500|steps: 181|ep_reward:37.31
 2022-04-30 15:29:05|INFO|Save best model. 前100幕的平均reward为158.8.
 2022-04-30 15:29:06|INFO|episode:261/500|steps: 185|ep_reward:254.3
 2022-04-30 15:29:06|INFO|Save best model. 前100幕的平均reward为162.67.
 2022-04-30 15:29:08|INFO|episode:262/500|steps: 221|ep_reward:282.3
 2022-04-30 15:29:08|INFO|Save best model. 前100幕的平均reward为165.69.
 2022-04-30 15:29:08|INFO|episode:263/500|steps: 107|ep_reward:28.01
 2022-04-30 15:29:08|INFO|Save best model. 前100幕的平均reward为166.97.
 2022-04-30 15:29:10|INFO|episode:264/500|steps: 228|ep_reward:244.87
 2022-04-30 15:29:10|INFO|Save best model. 前100幕的平均reward为167.23.
 2022-04-30 15:29:11|INFO|episode:265/500|steps: 239|ep_reward:253.28
 2022-04-30 15:29:17|INFO|episode:266/500|steps: 709|ep_reward:214.64
 2022-04-30 15:29:19|INFO|episode:267/500|steps: 253|ep_reward:213.94
 2022-04-30 15:29:23|INFO|episode:268/500|steps: 605|ep_reward:-404.27
 2022-04-30 15:29:24|INFO|episode:269/500|steps: 146|ep_reward:12.49
 2022-04-30 15:29:28|INFO|episode:270/500|steps: 570|ep_reward:181.57
 2022-04-30 15:29:29|INFO|episode:271/500|steps: 177|ep_reward:236.47
 2022-04-30 15:29:32|INFO|episode:272/500|steps: 412|ep_reward:249.81
 2022-04-30 15:29:33|INFO|episode:273/500|steps: 190|ep_reward:227.55
 2022-04-30 15:29:35|INFO|episode:274/500|steps: 227|ep_reward:264.7
 2022-04-30 15:29:36|INFO|episode:275/500|steps: 236|ep_reward:248.54
 2022-04-30 15:29:37|INFO|episode:276/500|steps: 143|ep_reward:282.01
 2022-04-30 15:29:38|INFO|episode:277/500|steps: 140|ep_reward:254.84
 2022-04-30 15:29:38|INFO|Save best model. 前100幕的平均reward为168.25.
 2022-04-30 15:29:39|INFO|episode:278/500|steps: 160|ep_reward:273.83
 2022-04-30 15:29:39|INFO|Save best model. 前100幕的平均reward为172.13.
 2022-04-30 15:29:43|INFO|episode:279/500|steps: 605|ep_reward:182.03
 2022-04-30 15:29:43|INFO|Save best model. 前100幕的平均reward为174.54.
 2022-04-30 15:29:44|INFO|episode:280/500|steps: 159|ep_reward:280.91
 2022-04-30 15:29:44|INFO|Save best model. 前100幕的平均reward为175.23.
 2022-04-30 15:29:45|INFO|episode:281/500|steps:  99|ep_reward:-13.39
 2022-04-30 15:29:46|INFO|episode:282/500|steps: 187|ep_reward:260.48
 2022-04-30 15:29:46|INFO|Save best model. 前100幕的平均reward为175.38.
 2022-04-30 15:29:48|INFO|episode:283/500|steps: 273|ep_reward:236.36
 2022-04-30 15:29:49|INFO|episode:284/500|steps: 231|ep_reward:233.27
 2022-04-30 15:29:49|INFO|Save best model. 前100幕的平均reward为175.55.
 2022-04-30 15:29:51|INFO|episode:285/500|steps: 259|ep_reward:255.54
 2022-04-30 15:29:51|INFO|Save best model. 前100幕的平均reward为175.99.
 2022-04-30 15:29:53|INFO|episode:286/500|steps: 325|ep_reward:-362.35
 2022-04-30 15:29:55|INFO|episode:287/500|steps: 251|ep_reward:232.92
 2022-04-30 15:29:56|INFO|episode:288/500|steps: 216|ep_reward:246.95
 2022-04-30 15:29:59|INFO|episode:289/500|steps: 398|ep_reward:203.79
 2022-04-30 15:30:00|INFO|episode:290/500|steps: 203|ep_reward:265.62
 2022-04-30 15:30:01|INFO|episode:291/500|steps: 202|ep_reward:280.11
 2022-04-30 15:30:04|INFO|episode:292/500|steps: 429|ep_reward:279.62
 2022-04-30 15:30:04|INFO|Save best model. 前100幕的平均reward为176.78.
 2022-04-30 15:30:08|INFO|episode:293/500|steps: 526|ep_reward:184.24
 2022-04-30 15:30:08|INFO|episode:294/500|steps:  74|ep_reward:-12.57
 2022-04-30 15:30:09|INFO|episode:295/500|steps:  81|ep_reward:6.96
 2022-04-30 15:30:10|INFO|episode:296/500|steps: 207|ep_reward:244.28
 2022-04-30 15:30:11|INFO|episode:297/500|steps:  82|ep_reward:19.99
 2022-04-30 15:30:12|INFO|episode:298/500|steps: 261|ep_reward:252.56
 2022-04-30 15:30:13|INFO|episode:299/500|steps: 117|ep_reward:10.89
 2022-04-30 15:30:14|INFO|episode:300/500|steps:  86|ep_reward:-42.56
 2022-04-30 15:30:14|INFO|episode:301/500|steps:  88|ep_reward:35.76
 2022-04-30 15:30:18|INFO|episode:302/500|steps: 607|ep_reward:256.03
 2022-04-30 15:30:19|INFO|episode:303/500|steps: 186|ep_reward:243.25
 2022-04-30 15:30:22|INFO|episode:304/500|steps: 400|ep_reward:272.96
 2022-04-30 15:30:24|INFO|episode:305/500|steps: 243|ep_reward:238.47
 2022-04-30 15:30:25|INFO|episode:306/500|steps: 160|ep_reward:277.9
 2022-04-30 15:30:26|INFO|episode:307/500|steps: 224|ep_reward:-124.32
 2022-04-30 15:30:27|INFO|episode:308/500|steps: 151|ep_reward:23.13
 2022-04-30 15:30:27|INFO|episode:309/500|steps:  98|ep_reward:32.01
 2022-04-30 15:30:29|INFO|episode:310/500|steps: 223|ep_reward:258.7
 2022-04-30 15:30:29|INFO|Save best model. 前100幕的平均reward为177.43.
 2022-04-30 15:30:30|INFO|episode:311/500|steps: 164|ep_reward:261.58
 2022-04-30 15:30:30|INFO|Save best model. 前100幕的平均reward为180.28.
 2022-04-30 15:30:33|INFO|episode:312/500|steps: 388|ep_reward:232.32
 2022-04-30 15:30:34|INFO|episode:313/500|steps: 182|ep_reward:288.61
 2022-04-30 15:30:34|INFO|Save best model. 前100幕的平均reward为181.03.
 2022-04-30 15:30:35|INFO|episode:314/500|steps: 198|ep_reward:269.26
 2022-04-30 15:30:35|INFO|Save best model. 前100幕的平均reward为181.39.
 2022-04-30 15:30:36|INFO|episode:315/500|steps: 224|ep_reward:271.18
 2022-04-30 15:30:36|INFO|Save best model. 前100幕的平均reward为182.3.
 2022-04-30 15:30:39|INFO|episode:316/500|steps: 395|ep_reward:284.28
 2022-04-30 15:30:39|INFO|Save best model. 前100幕的平均reward为183.53.
 2022-04-30 15:30:40|INFO|episode:317/500|steps: 149|ep_reward:-118.46
 2022-04-30 15:30:40|INFO|Save best model. 前100幕的平均reward为186.31.
 2022-04-30 15:30:43|INFO|episode:318/500|steps: 372|ep_reward:254.57
 2022-04-30 15:30:44|INFO|episode:319/500|steps: 270|ep_reward:246.43
 2022-04-30 15:30:49|INFO|episode:320/500|steps: 655|ep_reward:225.77
 2022-04-30 15:30:50|INFO|episode:321/500|steps: 196|ep_reward:275.55
 2022-04-30 15:30:51|INFO|episode:322/500|steps: 211|ep_reward:258.04
 2022-04-30 15:30:51|INFO|Save best model. 前100幕的平均reward为186.32.
 2022-04-30 15:30:55|INFO|episode:323/500|steps: 595|ep_reward:212.31
 2022-04-30 15:30:57|INFO|episode:324/500|steps: 175|ep_reward:21.3
 2022-04-30 15:30:58|INFO|episode:325/500|steps: 221|ep_reward:260.08
 2022-04-30 15:30:59|INFO|episode:326/500|steps: 139|ep_reward:30.63
 2022-04-30 15:31:00|INFO|episode:327/500|steps: 149|ep_reward:293.25
 2022-04-30 15:31:01|INFO|episode:328/500|steps: 158|ep_reward:275.16
 2022-04-30 15:31:02|INFO|episode:329/500|steps: 237|ep_reward:231.55
 2022-04-30 15:31:08|INFO|episode:330/500|steps: 805|ep_reward:213.95
 2022-04-30 15:31:12|INFO|episode:331/500|steps: 551|ep_reward:192.13
 2022-04-30 15:31:19|INFO|episode:332/500|steps:1000|ep_reward:50.43
 2022-04-30 15:31:20|INFO|episode:333/500|steps: 198|ep_reward:239.56
 2022-04-30 15:31:21|INFO|episode:334/500|steps: 179|ep_reward:263.79
 2022-04-30 15:31:24|INFO|episode:335/500|steps: 390|ep_reward:242.73
 2022-04-30 15:31:27|INFO|episode:336/500|steps: 449|ep_reward:228.71
 2022-04-30 15:31:31|INFO|episode:337/500|steps: 556|ep_reward:233.04
 2022-04-30 15:31:32|INFO|episode:338/500|steps: 187|ep_reward:278.85
 2022-04-30 15:31:33|INFO|episode:339/500|steps: 130|ep_reward:288.36
 2022-04-30 15:31:35|INFO|episode:340/500|steps: 272|ep_reward:270.11
 2022-04-30 15:31:43|INFO|episode:341/500|steps:1000|ep_reward:58.44
 2022-04-30 15:31:44|INFO|episode:342/500|steps: 190|ep_reward:278.31
 2022-04-30 15:31:45|INFO|episode:343/500|steps: 240|ep_reward:24.98
 2022-04-30 15:31:51|INFO|episode:344/500|steps: 743|ep_reward:-264.96
 2022-04-30 15:31:53|INFO|episode:345/500|steps: 273|ep_reward:-395.51
 2022-04-30 15:31:54|INFO|episode:346/500|steps: 119|ep_reward:-285.96
 2022-04-30 15:32:02|INFO|episode:347/500|steps: 427|ep_reward:222.06
 2022-04-30 15:32:03|INFO|episode:348/500|steps: 166|ep_reward:240.02
 2022-04-30 15:32:09|INFO|episode:349/500|steps: 775|ep_reward:116.32
 2022-04-30 15:32:11|INFO|episode:350/500|steps: 337|ep_reward:236.1
 2022-04-30 15:32:13|INFO|episode:351/500|steps: 292|ep_reward:233.82
 2022-04-30 15:32:18|INFO|episode:352/500|steps: 687|ep_reward:240.11
 2022-04-30 15:32:19|INFO|episode:353/500|steps: 140|ep_reward:31.86
 2022-04-30 15:32:23|INFO|episode:354/500|steps: 494|ep_reward:291.29
 2022-04-30 15:32:25|INFO|episode:355/500|steps: 384|ep_reward:232.89
 2022-04-30 15:32:28|INFO|episode:356/500|steps: 379|ep_reward:290.34
 2022-04-30 15:32:28|INFO|episode:357/500|steps:  97|ep_reward:8.4
 2022-04-30 15:32:29|INFO|episode:358/500|steps: 122|ep_reward:30.85
 2022-04-30 15:32:29|INFO|episode:359/500|steps:  83|ep_reward:28.32
 2022-04-30 15:32:31|INFO|episode:360/500|steps: 174|ep_reward:280.67
 2022-04-30 15:32:32|INFO|episode:361/500|steps: 180|ep_reward:287.41
 2022-04-30 15:32:33|INFO|episode:362/500|steps: 232|ep_reward:261.46
 2022-04-30 15:32:34|INFO|episode:363/500|steps: 206|ep_reward:249.96
 2022-04-30 15:32:38|INFO|episode:364/500|steps: 551|ep_reward:-205.44
 2022-04-30 15:32:39|INFO|episode:365/500|steps: 165|ep_reward:262.17
 2022-04-30 15:32:43|INFO|episode:366/500|steps: 542|ep_reward:243.88
 2022-04-30 15:32:46|INFO|episode:367/500|steps: 447|ep_reward:249.75
 2022-04-30 15:32:48|INFO|episode:368/500|steps: 266|ep_reward:-136.81
 2022-04-30 15:32:49|INFO|episode:369/500|steps: 214|ep_reward:284.04
 2022-04-30 15:32:53|INFO|episode:370/500|steps: 585|ep_reward:267.09
 2022-04-30 15:32:56|INFO|episode:371/500|steps: 454|ep_reward:236.81
 2022-04-30 15:32:57|INFO|episode:372/500|steps: 115|ep_reward:38.82
 2022-04-30 15:32:58|INFO|episode:373/500|steps: 174|ep_reward:275.3
 2022-04-30 15:32:59|INFO|episode:374/500|steps:  97|ep_reward:34.38
 2022-04-30 15:33:00|INFO|episode:375/500|steps: 172|ep_reward:279.72
 2022-04-30 15:33:01|INFO|episode:376/500|steps: 158|ep_reward:-198.92
 2022-04-30 15:33:02|INFO|episode:377/500|steps: 264|ep_reward:209.4
 2022-04-30 15:33:03|INFO|episode:378/500|steps: 174|ep_reward:253.69
 2022-04-30 15:33:05|INFO|episode:379/500|steps: 194|ep_reward:254.7
 2022-04-30 15:33:06|INFO|episode:380/500|steps: 278|ep_reward:261.58
 2022-04-30 15:33:09|INFO|episode:381/500|steps: 352|ep_reward:255.94
 2022-04-30 15:33:09|INFO|episode:382/500|steps: 136|ep_reward:73.05
 2022-04-30 15:33:10|INFO|episode:383/500|steps:  91|ep_reward:53.24
 2022-04-30 15:33:11|INFO|episode:384/500|steps: 168|ep_reward:260.31
 2022-04-30 15:33:12|INFO|episode:385/500|steps: 217|ep_reward:286.34
 2022-04-30 15:33:13|INFO|episode:386/500|steps: 115|ep_reward:43.86
 2022-04-30 15:33:14|INFO|episode:387/500|steps: 195|ep_reward:266.38
 2022-04-30 15:33:15|INFO|episode:388/500|steps: 182|ep_reward:269.68
 2022-04-30 15:33:17|INFO|episode:389/500|steps: 324|ep_reward:238.91
 2022-04-30 15:33:23|INFO|episode:390/500|steps: 674|ep_reward:195.01
 2022-04-30 15:33:26|INFO|episode:391/500|steps: 513|ep_reward:228.33
 2022-04-30 15:33:33|INFO|episode:392/500|steps: 947|ep_reward:-308.3
 2022-04-30 15:33:36|INFO|episode:393/500|steps: 365|ep_reward:236.28
 2022-04-30 15:33:37|INFO|episode:394/500|steps: 194|ep_reward:257.07
 2022-04-30 15:33:40|INFO|episode:395/500|steps: 410|ep_reward:227.75
 2022-04-30 15:33:45|INFO|episode:396/500|steps: 571|ep_reward:258.1
 2022-04-30 15:33:46|INFO|episode:397/500|steps: 161|ep_reward:293.69
 2022-04-30 15:33:47|INFO|episode:398/500|steps: 209|ep_reward:243.97
 2022-04-30 15:33:49|INFO|episode:399/500|steps: 291|ep_reward:250.72
 2022-04-30 15:33:56|INFO|episode:400/500|steps: 786|ep_reward:187.03
 2022-04-30 15:33:59|INFO|episode:401/500|steps: 472|ep_reward:193.55
 2022-04-30 15:34:00|INFO|episode:402/500|steps: 175|ep_reward:226.85
 2022-04-30 15:34:01|INFO|episode:403/500|steps:  97|ep_reward:57.59
 2022-04-30 15:34:02|INFO|episode:404/500|steps: 177|ep_reward:249.19
 2022-04-30 15:34:03|INFO|episode:405/500|steps: 173|ep_reward:262.88
 2022-04-30 15:34:04|INFO|episode:406/500|steps: 163|ep_reward:255.98
 2022-04-30 15:34:14|INFO|episode:407/500|steps: 590|ep_reward:252.37
 2022-04-30 15:34:14|INFO|episode:408/500|steps: 106|ep_reward:-42.47
 2022-04-30 15:34:20|INFO|episode:409/500|steps: 555|ep_reward:300.62
 2022-04-30 15:34:25|INFO|episode:410/500|steps: 251|ep_reward:241.93
 2022-04-30 15:34:26|INFO|episode:411/500|steps:  96|ep_reward:3.63
 2022-04-30 15:34:29|INFO|episode:412/500|steps: 110|ep_reward:6.8
 2022-04-30 15:34:33|INFO|episode:413/500|steps: 511|ep_reward:300.28
 2022-04-30 15:34:37|INFO|episode:414/500|steps: 628|ep_reward:208.12
 2022-04-30 15:34:38|INFO|episode:415/500|steps: 143|ep_reward:280.58
 2022-04-30 15:34:39|INFO|episode:416/500|steps:  94|ep_reward:66.67
 2022-04-30 15:34:41|INFO|episode:417/500|steps: 405|ep_reward:265.48
 2022-04-30 15:34:42|INFO|episode:418/500|steps:  84|ep_reward:-20.18
 2022-04-30 15:34:42|INFO|episode:419/500|steps:  84|ep_reward:14.65
 2022-04-30 15:34:43|INFO|episode:420/500|steps:  75|ep_reward:-5.78
 2022-04-30 15:34:43|INFO|episode:421/500|steps:  78|ep_reward:23.53
 2022-04-30 15:34:44|INFO|episode:422/500|steps:  97|ep_reward:-29.3
 2022-04-30 15:34:44|INFO|episode:423/500|steps:  87|ep_reward:26.77
 2022-04-30 15:34:45|INFO|episode:424/500|steps: 194|ep_reward:259.45
 2022-04-30 15:34:49|INFO|episode:425/500|steps: 500|ep_reward:219.32
 2022-04-30 15:34:50|INFO|episode:426/500|steps: 233|ep_reward:267.83
 2022-04-30 15:34:51|INFO|episode:427/500|steps: 205|ep_reward:263.59
 2022-04-30 15:34:52|INFO|episode:428/500|steps: 163|ep_reward:242.88
 2022-04-30 15:34:53|INFO|episode:429/500|steps:  81|ep_reward:51.43
 2022-04-30 15:34:53|INFO|episode:430/500|steps:  92|ep_reward:1.71
 2022-04-30 15:34:54|INFO|episode:431/500|steps: 110|ep_reward:-10.83
 2022-04-30 15:34:56|INFO|episode:432/500|steps: 412|ep_reward:224.33
 2022-04-30 15:34:59|INFO|episode:433/500|steps: 342|ep_reward:238.27
 2022-04-30 15:35:00|INFO|episode:434/500|steps: 255|ep_reward:217.27
 2022-04-30 15:35:02|INFO|episode:435/500|steps: 240|ep_reward:216.15
 2022-04-30 15:35:04|INFO|episode:436/500|steps: 264|ep_reward:290.54
 2022-04-30 15:35:05|INFO|episode:437/500|steps: 300|ep_reward:264.56
 2022-04-30 15:35:10|INFO|episode:438/500|steps: 546|ep_reward:267.64
 2022-04-30 15:35:13|INFO|episode:439/500|steps: 480|ep_reward:220.09
 2022-04-30 15:35:14|INFO|episode:440/500|steps: 159|ep_reward:258.39
 2022-04-30 15:35:15|INFO|episode:441/500|steps: 173|ep_reward:270.65
 2022-04-30 15:35:15|INFO|episode:442/500|steps:  96|ep_reward:-4.02
 2022-04-30 15:35:16|INFO|episode:443/500|steps: 133|ep_reward:46.47
 2022-04-30 15:35:17|INFO|episode:444/500|steps: 100|ep_reward:-38.88
 2022-04-30 15:35:17|INFO|episode:445/500|steps:  79|ep_reward:-30.52
 2022-04-30 15:35:18|INFO|episode:446/500|steps:  95|ep_reward:-32.86
 2022-04-30 15:35:18|INFO|episode:447/500|steps:  92|ep_reward:-26.07
 2022-04-30 15:35:19|INFO|episode:448/500|steps:  71|ep_reward:-10.42
 2022-04-30 15:35:19|INFO|episode:449/500|steps:  78|ep_reward:18.49
 2022-04-30 15:35:19|INFO|episode:450/500|steps:  77|ep_reward:26.55
 2022-04-30 15:35:20|INFO|episode:451/500|steps:  69|ep_reward:17.82
 2022-04-30 15:35:21|INFO|episode:452/500|steps: 122|ep_reward:13.35
 2022-04-30 15:35:21|INFO|episode:453/500|steps:  94|ep_reward:20.17
 2022-04-30 15:35:22|INFO|episode:454/500|steps:  96|ep_reward:-42.99
 2022-04-30 15:35:22|INFO|episode:455/500|steps: 105|ep_reward:13.67
 2022-04-30 15:35:24|INFO|episode:456/500|steps: 229|ep_reward:266.47
 2022-04-30 15:35:25|INFO|episode:457/500|steps: 205|ep_reward:243.49
 2022-04-30 15:35:26|INFO|episode:458/500|steps: 196|ep_reward:280.56
 2022-04-30 15:35:29|INFO|episode:459/500|steps: 354|ep_reward:222.03
 2022-04-30 15:35:30|INFO|episode:460/500|steps: 178|ep_reward:266.75
 2022-04-30 15:35:33|INFO|episode:461/500|steps: 570|ep_reward:279.9
 2022-04-30 15:35:35|INFO|episode:462/500|steps: 247|ep_reward:232.25
 2022-04-30 15:35:37|INFO|episode:463/500|steps: 259|ep_reward:287.01
 2022-04-30 15:35:38|INFO|episode:464/500|steps: 173|ep_reward:243.11
 2022-04-30 15:35:39|INFO|episode:465/500|steps: 190|ep_reward:275.76
 2022-04-30 15:35:40|INFO|episode:466/500|steps: 185|ep_reward:256.7
 2022-04-30 15:35:41|INFO|episode:467/500|steps: 178|ep_reward:240.73
 2022-04-30 15:35:42|INFO|episode:468/500|steps: 163|ep_reward:247.32
 2022-04-30 15:35:43|INFO|episode:469/500|steps: 180|ep_reward:272.73
 2022-04-30 15:35:44|INFO|episode:470/500|steps: 178|ep_reward:229.23
 2022-04-30 15:35:52|INFO|episode:471/500|steps: 943|ep_reward:153.99
 2022-04-30 15:35:54|INFO|episode:472/500|steps: 247|ep_reward:241.36
 2022-04-30 15:35:55|INFO|episode:473/500|steps: 144|ep_reward:241.74
 2022-04-30 15:35:59|INFO|episode:474/500|steps: 392|ep_reward:243.18
 2022-04-30 15:36:23|INFO|episode:475/500|steps:1000|ep_reward:121.17
 2022-04-30 15:36:27|INFO|episode:476/500|steps: 205|ep_reward:248.78
 2022-04-30 15:36:30|INFO|episode:477/500|steps: 212|ep_reward:271.77
 2022-04-30 15:36:35|INFO|episode:478/500|steps: 687|ep_reward:226.48
 2022-04-30 15:36:37|INFO|episode:479/500|steps: 382|ep_reward:235.0
 2022-04-30 15:36:45|INFO|episode:480/500|steps:1000|ep_reward:-8.18
 2022-04-30 15:36:53|INFO|episode:481/500|steps: 928|ep_reward:91.81
 2022-04-30 15:36:55|INFO|episode:482/500|steps: 203|ep_reward:237.0
 2022-04-30 15:36:56|INFO|episode:483/500|steps: 185|ep_reward:29.53
 2022-04-30 15:36:57|INFO|episode:484/500|steps: 214|ep_reward:227.21
 2022-04-30 15:36:59|INFO|episode:485/500|steps: 334|ep_reward:256.0
 2022-04-30 15:37:00|INFO|episode:486/500|steps: 181|ep_reward:-174.77
 2022-04-30 15:37:02|INFO|episode:487/500|steps: 264|ep_reward:238.72
 2022-04-30 15:37:04|INFO|episode:488/500|steps: 329|ep_reward:241.75
 2022-04-30 15:37:05|INFO|episode:489/500|steps: 196|ep_reward:259.87
 2022-04-30 15:37:08|INFO|episode:490/500|steps: 373|ep_reward:238.05
 2022-04-30 15:37:09|INFO|episode:491/500|steps: 195|ep_reward:237.07
 2022-04-30 15:37:13|INFO|episode:492/500|steps: 571|ep_reward:-300.25
 2022-04-30 15:37:14|INFO|episode:493/500|steps: 173|ep_reward:284.94
 2022-04-30 15:37:16|INFO|episode:494/500|steps: 333|ep_reward:-231.79
 2022-04-30 15:37:17|INFO|episode:495/500|steps: 218|ep_reward:284.34
 2022-04-30 15:37:24|INFO|episode:496/500|steps:1000|ep_reward:109.73
 2022-04-30 15:37:26|INFO|episode:497/500|steps: 257|ep_reward:27.43
 2022-04-30 15:37:28|INFO|episode:498/500|steps: 300|ep_reward:277.68
 2022-04-30 15:37:30|INFO|episode:499/500|steps: 351|ep_reward:-234.48
 2022-04-30 15:37:32|INFO|episode:500/500|steps: 308|ep_reward:243.27
 2022-04-30 15:37:32|INFO|Save last model.
 2022-04-30 15:37:32|INFO|Complete training.
 2022-04-30 15:37:32|INFO|===========================================
 2022-04-30 16:38:21|INFO|Load best model.
 2022-04-30 16:38:21|INFO|Start evaluation.
 2022-04-30 16:38:21|INFO|env:LunarLanderContinuous-v2, algo:DDPG
 2022-04-30 16:38:25|INFO|episode:  1/10|steps: 196|ep_reward:265.38
 2022-04-30 16:38:28|INFO|episode:  2/10|steps: 231|ep_reward:271.0
 2022-04-30 16:38:32|INFO|episode:  3/10|steps: 189|ep_reward:266.11
 2022-04-30 16:38:35|INFO|episode:  4/10|steps: 187|ep_reward:254.23
 2022-04-30 16:38:41|INFO|episode:  5/10|steps: 374|ep_reward:267.03
 2022-04-30 16:38:44|INFO|episode:  6/10|steps: 164|ep_reward:261.36
 2022-04-30 16:38:47|INFO|episode:  7/10|steps: 186|ep_reward:264.68
 2022-04-30 16:38:52|INFO|episode:  8/10|steps: 332|ep_reward:316.11
 2022-04-30 16:38:57|INFO|episode:  9/10|steps: 258|ep_reward:287.21
 2022-04-30 16:39:00|INFO|episode: 10/10|steps: 219|ep_reward:233.96
 2022-04-30 16:39:00|INFO|共计10幕，平均reward为268.71.
 2022-04-30 16:39:00|INFO|Complete evaluation.
 2022-04-30 16:39:00|INFO|===========================================
